<?xml version="1.0" encoding="UTF-8"?>
<testng-results ignored="0" total="1" passed="1" failed="0" skipped="0">
  <reporter-output>
  </reporter-output>
  <suite started-at="2022-12-05T13:54:44 IST" name="Default suite" finished-at="2022-12-05T13:54:55 IST" duration-ms="11149">
    <groups>
    </groups>
    <test started-at="2022-12-05T13:54:44 IST" name="Default test" finished-at="2022-12-05T13:54:55 IST" duration-ms="11149">
      <class name="test.java.testCases.TC_LoginTest">
        <test-method is-config="true" signature="initTest()[pri:0, instance:com.testCases.TC_LoginTest@67f639d3]" started-at="2022-12-05T13:54:44 IST" name="initTest" finished-at="2022-12-05T13:54:51 IST" duration-ms="6878" status="PASS">
          <reporter-output>
          </reporter-output>
        </test-method> <!-- initTest -->
        <test-method signature="loginTest()[pri:0, instance:com.testCases.TC_LoginTest@67f639d3]" started-at="2022-12-05T13:54:51 IST" name="loginTest" finished-at="2022-12-05T13:54:54 IST" duration-ms="3366" status="PASS">
          <reporter-output>
          </reporter-output>
        </test-method> <!-- loginTest -->
        <test-method is-config="true" signature="quitDriver()[pri:0, instance:com.testCases.TC_LoginTest@67f639d3]" started-at="2022-12-05T13:54:54 IST" name="quitDriver" finished-at="2022-12-05T13:54:55 IST" duration-ms="513" status="PASS">
          <reporter-output>
          </reporter-output>
        </test-method> <!-- quitDriver -->
        <test-method is-config="true" signature="afterTestMethod()[pri:0, instance:com.testCases.TC_LoginTest@67f639d3]" started-at="2022-12-05T13:54:55 IST" name="afterTestMethod" finished-at="2022-12-05T13:54:55 IST" duration-ms="347" status="PASS">
          <reporter-output>
          </reporter-output>
        </test-method> <!-- afterTestMethod -->
      </class> <!-- testCases.test.java.TC_LoginTest -->
    </test> <!-- Default test -->
  </suite> <!-- Default suite -->
</testng-results>
